2020-02-24 16:36:06,866 INFO o.a.j.u.JMeterUtils: Setting Locale to en_EN
2020-02-24 16:36:06,903 INFO o.a.j.JMeter: Loading user properties from: D:\apache-jmeter-4.0\bin\user.properties
2020-02-24 16:36:06,904 INFO o.a.j.JMeter: Loading system properties from: D:\apache-jmeter-4.0\bin\system.properties
2020-02-24 16:36:06,909 INFO o.a.j.JMeter: Copyright (c) 1998-2018 The Apache Software Foundation
2020-02-24 16:36:06,909 INFO o.a.j.JMeter: Version 4.0 r1823414
2020-02-24 16:36:06,909 INFO o.a.j.JMeter: java.version=1.8.0_31
2020-02-24 16:36:06,909 INFO o.a.j.JMeter: java.vm.name=Java HotSpot(TM) 64-Bit Server VM
2020-02-24 16:36:06,910 INFO o.a.j.JMeter: os.name=Windows 7
2020-02-24 16:36:06,910 INFO o.a.j.JMeter: os.arch=amd64
2020-02-24 16:36:06,910 INFO o.a.j.JMeter: os.version=6.1
2020-02-24 16:36:06,910 INFO o.a.j.JMeter: file.encoding=GBK
2020-02-24 16:36:06,910 INFO o.a.j.JMeter: Max memory     =1073741824
2020-02-24 16:36:06,910 INFO o.a.j.JMeter: Available Processors =1
2020-02-24 16:36:06,915 INFO o.a.j.JMeter: Default Locale=English (EN)
2020-02-24 16:36:06,915 INFO o.a.j.JMeter: JMeter  Locale=English (EN)
2020-02-24 16:36:06,915 INFO o.a.j.JMeter: JMeterHome=D:\apache-jmeter-4.0
2020-02-24 16:36:06,915 INFO o.a.j.JMeter: user.dir  =D:\TS_apiTest\workspace\预生产验证码
2020-02-24 16:36:06,916 INFO o.a.j.JMeter: PWD       =D:\TS_apiTest\workspace\预生产验证码
2020-02-24 16:36:06,947 INFO o.a.j.JMeter: IP: 192.168.2.75 Name: 3SD6GFUZV5AQKZ3 FullName: 3SD6GFUZV5AQKZ3
2020-02-24 16:36:06,950 INFO o.a.j.s.FileServer: Default base='D:\TS_apiTest\workspace\预生产验证码'
2020-02-24 16:36:06,957 INFO o.a.j.s.FileServer: Set new base='D:\TS_apiTest\tool'
2020-02-24 16:36:07,231 INFO o.a.j.s.SaveService: Testplan (JMX) version: 2.2. Testlog (JTL) version: 2.2
2020-02-24 16:36:07,246 INFO o.a.j.s.SaveService: Using SaveService properties file encoding UTF-8
2020-02-24 16:36:07,250 INFO o.a.j.s.SaveService: Using SaveService properties version 4.0
2020-02-24 16:36:07,259 INFO o.a.j.s.SaveService: Loading file: D:\TS_apiTest\tool\rep_tool.jmx
2020-02-24 16:36:07,477 INFO o.a.j.p.h.s.HTTPSamplerBase: Parser for text/html is org.apache.jmeter.protocol.http.parser.LagartoBasedHtmlParser
2020-02-24 16:36:07,477 INFO o.a.j.p.h.s.HTTPSamplerBase: Parser for application/xhtml+xml is org.apache.jmeter.protocol.http.parser.LagartoBasedHtmlParser
2020-02-24 16:36:07,477 INFO o.a.j.p.h.s.HTTPSamplerBase: Parser for application/xml is org.apache.jmeter.protocol.http.parser.LagartoBasedHtmlParser
2020-02-24 16:36:07,477 INFO o.a.j.p.h.s.HTTPSamplerBase: Parser for text/xml is org.apache.jmeter.protocol.http.parser.LagartoBasedHtmlParser
2020-02-24 16:36:07,478 INFO o.a.j.p.h.s.HTTPSamplerBase: Parser for text/vnd.wap.wml is org.apache.jmeter.protocol.http.parser.RegexpHTMLParser
2020-02-24 16:36:07,478 INFO o.a.j.p.h.s.HTTPSamplerBase: Parser for text/css is org.apache.jmeter.protocol.http.parser.CssParser
2020-02-24 16:36:07,504 INFO o.a.j.JMeter: Creating summariser <summary>
2020-02-24 16:36:07,518 INFO o.a.j.e.StandardJMeterEngine: Running the test!
2020-02-24 16:36:07,518 INFO o.a.j.s.SampleEvent: List of sample_variables: []
2020-02-24 16:36:07,519 INFO o.a.j.s.SampleEvent: List of sample_variables: []
2020-02-24 16:36:07,522 INFO o.a.j.e.u.CompoundVariable: Note: Function class names must contain the string: '.functions.'
2020-02-24 16:36:07,522 INFO o.a.j.e.u.CompoundVariable: Note: Function class names must not contain the string: '.gui.'
2020-02-24 16:36:08,883 INFO o.a.j.t.TestPlan: added D:\apache-jmeter-4.0\lib\postgresql-42.2.8.jar to classpath
2020-02-24 16:36:09,045 INFO o.a.j.JMeter: Running test (1582533369045)
2020-02-24 16:36:09,120 INFO o.a.j.e.StandardJMeterEngine: Starting ThreadGroup: 1 : 验证码
2020-02-24 16:36:09,120 INFO o.a.j.e.StandardJMeterEngine: Starting 1 threads for group 验证码.
2020-02-24 16:36:09,120 INFO o.a.j.e.StandardJMeterEngine: Thread will continue on error
2020-02-24 16:36:09,120 INFO o.a.j.t.ThreadGroup: Starting thread group... number=1 threads=1 ramp-up=1 perThread=1000.0 delayedStart=false
2020-02-24 16:36:09,218 INFO o.a.j.t.ThreadGroup: Started thread group number 1
2020-02-24 16:36:09,218 INFO o.a.j.e.StandardJMeterEngine: All thread groups have been started
2020-02-24 16:36:09,294 INFO o.a.j.t.JMeterThread: Thread started: 验证码 1-1
2020-02-24 16:36:09,298 INFO o.a.j.s.SampleResult: Note: Sample TimeStamps are START times
2020-02-24 16:36:09,298 INFO o.a.j.s.SampleResult: sampleresult.default.encoding is set to utf-8
2020-02-24 16:36:09,298 INFO o.a.j.s.SampleResult: sampleresult.useNanoTime=true
2020-02-24 16:36:09,299 INFO o.a.j.s.SampleResult: sampleresult.nanoThreadSleep=5000
2020-02-24 16:36:11,583 INFO o.a.j.p.h.s.HTTPHCAbstractImpl: Local host = 3SD6GFUZV5AQKZ3
2020-02-24 16:36:11,595 INFO o.a.j.p.h.s.HTTPHC4Impl: HTTP request retry count = 0
2020-02-24 16:36:11,803 INFO o.a.j.p.h.s.LazySchemeSocketFactory: Setting up HTTPS TrustAll Socket Factory
2020-02-24 16:36:11,811 INFO o.a.j.u.JsseSSLManager: Using default SSL protocol: TLS
2020-02-24 16:36:11,811 INFO o.a.j.u.JsseSSLManager: SSL session context: per-thread
2020-02-24 16:36:12,133 INFO o.a.j.u.SSLManager: JmeterKeyStore Location:  type JKS
2020-02-24 16:36:12,134 INFO o.a.j.u.SSLManager: KeyStore created OK
2020-02-24 16:36:12,134 WARN o.a.j.u.SSLManager: Keystore file not found, loading empty keystore
2020-02-24 16:36:12,860 INFO o.a.j.t.JMeterThread: Thread is done: 验证码 1-1
2020-02-24 16:36:12,860 INFO o.a.j.t.JMeterThread: Thread finished: 验证码 1-1
2020-02-24 16:36:12,865 INFO o.a.j.e.StandardJMeterEngine: Notifying test listeners of end of test
2020-02-24 16:36:12,871 INFO o.a.j.r.Summariser: summary =      2 in 00:00:04 =    0.5/s Avg:  1712 Min:  1188 Max:  2236 Err:     0 (0.00%)
